<?xml version="1.0" encoding="UTF-8"?>
<!-- Generated by org.testng.reporters.JUnitXMLReporter -->
<testsuite hostname="Oprekin-PC" name="AutomationPracticeProjectTest" tests="3" failures="1" timestamp="29 Dec 2021 13:58:14 GMT" time="34.789" errors="0">
  <testcase name="TCID_101_VerifyAndGetAllLinksOnHomePage" time="2.258" classname="com.scripts.AuthenticationTest"/>
  <testcase name="TCID_102_LoginFuctionality" time="8.36" classname="com.scripts.AuthenticationTest"/>
  <testcase name="TCID_103_VerifyTabsOnMyAccountPage" time="10.209" classname="com.scripts.AuthenticationTest">
    <failure type="java.lang.AssertionError" message="expected [true] but found [false]">
      <![CDATA[java.lang.AssertionError: expected [true] but found [false]
	at com.pageFactory.MyAccountPage.verifyTabWomenInMyAccountPageIsDisplayed(MyAccountPage.java:30)
	at com.flows.MyAccountFlow.verifyTabsOnMyAccountPage(MyAccountFlow.java:17)
	at com.scripts.AuthenticationTest.TCID_103_VerifyTabsOnMyAccountPage(AuthenticationTest.java:72)
... Removed 28 stack frames]]>
    </failure>
  </testcase> <!-- TCID_103_VerifyTabsOnMyAccountPage -->
</testsuite> <!-- AutomationPracticeProjectTest -->
